<?xml version="1.0" encoding="UTF-8"?>
<!-- Generated by org.testng.reporters.JUnitReportReporter -->
<testsuite skipped="0" hostname="Users-MacBook-Air.local" name="main.FullRegression" tests="17" failures="0" timestamp="2021-08-27T16:21:30 BDT" time="109.863" errors="0">
  <testcase name="loginProcess" time="5.433" classname="main.FullRegression"/>
  <system-out/>
  <testcase name="userModule" time="6.865" classname="main.FullRegression"/>
  <system-out/>
  <testcase name="customerModule" time="6.797" classname="main.FullRegression"/>
  <system-out/>
  <testcase name="geoProfileModule" time="7.584" classname="main.FullRegression"/>
  <system-out/>
  <testcase name="contentModule" time="7.676" classname="main.FullRegression"/>
  <system-out/>
  <testcase name="liveTVModule" time="7.689" classname="main.FullRegression"/>
  <system-out/>
  <testcase name="publishingModule" time="8.816" classname="main.FullRegression"/>
  <system-out/>
  <testcase name="packageModule" time="6.255" classname="main.FullRegression"/>
  <system-out/>
  <testcase name="analyticsModule" time="4.104" classname="main.FullRegression"/>
  <system-out/>
  <testcase name="reportModule" time="3.997" classname="main.FullRegression"/>
  <system-out/>
  <testcase name="contentOwnerModule" time="6.377" classname="main.FullRegression"/>
  <system-out/>
  <testcase name="adCampaignModule" time="6.360" classname="main.FullRegression"/>
  <system-out/>
  <testcase name="castAndCrewModule" time="6.209" classname="main.FullRegression"/>
  <system-out/>
  <testcase name="contentGroupModule" time="6.363" classname="main.FullRegression"/>
  <system-out/>
  <testcase name="tagModule" time="6.422" classname="main.FullRegression"/>
  <system-out/>
  <testcase name="genreModule" time="6.381" classname="main.FullRegression"/>
  <system-out/>
  <testcase name="categoryModule" time="6.535" classname="main.FullRegression"/>
  <system-out/>
</testsuite> <!-- main.FullRegression -->
